\BOOKMARK [1][-]{section.1}{\376\377\000I\000n\000t\000r\000o\000d\000u\000z\000i\000o\000n\000e}{}% 1
\BOOKMARK [1][-]{section.2}{\376\377\000I\000m\000p\000l\000e\000m\000e\000n\000t\000a\000z\000i\000o\000n\000i}{}% 2
\BOOKMARK [2][-]{subsection.2.1}{\376\377\000P\000r\000o\000g\000e\000t\000t\000o\000\040\000B\000a\000s\000e}{section.2}% 3
\BOOKMARK [2][-]{subsection.2.2}{\376\377\000E\000s\000t\000e\000n\000s\000i\000o\000n\000e}{section.2}% 4
\BOOKMARK [1][-]{section.3}{\376\377\000I\000n\000s\000t\000a\000l\000l\000a\000z\000i\000o\000n\000e\000\040\000e\000\040\000a\000v\000v\000i\000o}{}% 5
\BOOKMARK [2][-]{subsection.3.1}{\376\377\000R\000e\000q\000u\000i\000s\000i\000t\000i\000\040\000S\000e\000r\000v\000e\000r}{section.3}% 6
\BOOKMARK [3][-]{subsubsection.3.1.1}{\376\377\000B\000a\000s\000e}{subsection.3.1}% 7
\BOOKMARK [3][-]{subsubsection.3.1.2}{\376\377\000E\000s\000t\000e\000n\000s\000i\000o\000n\000e}{subsection.3.1}% 8
\BOOKMARK [2][-]{subsection.3.2}{\376\377\000R\000e\000q\000u\000i\000s\000i\000t\000i\000\040\000C\000l\000i\000e\000n\000t}{section.3}% 9
\BOOKMARK [3][-]{subsubsection.3.2.1}{\376\377\000C\000L\000I}{subsection.3.2}% 10
\BOOKMARK [3][-]{subsubsection.3.2.2}{\376\377\000A\000p\000p}{subsection.3.2}% 11
\BOOKMARK [2][-]{subsection.3.3}{\376\377\000A\000v\000v\000i\000o\000\040\000s\000e\000r\000v\000e\000r}{section.3}% 12
\BOOKMARK [3][-]{subsubsection.3.3.1}{\376\377\000C\000L\000I}{subsection.3.3}% 13
\BOOKMARK [3][-]{subsubsection.3.3.2}{\376\377\000A\000p\000p}{subsection.3.3}% 14
\BOOKMARK [2][-]{subsection.3.4}{\376\377\000A\000v\000v\000i\000o\000\040\000c\000l\000i\000e\000n\000t}{section.3}% 15
\BOOKMARK [3][-]{subsubsection.3.4.1}{\376\377\000C\000L\000I}{subsection.3.4}% 16
\BOOKMARK [3][-]{subsubsection.3.4.2}{\376\377\000A\000p\000p}{subsection.3.4}% 17
\BOOKMARK [1][-]{section.4}{\376\377\000T\000e\000s\000t}{}% 18
\BOOKMARK [2][-]{subsection.4.1}{\376\377\000C\000L\000I}{section.4}% 19
\BOOKMARK [2][-]{subsection.4.2}{\376\377\000A\000p\000p}{section.4}% 20
